<?xml version="1.0" encoding="UTF-8"?>
<!-- Generated by org.testng.reporters.JUnitReportReporter -->
<testsuite skipped="0" hostname="DESKTOP-GORB4NR" name="loans.CalLoantTest" tests="1" failures="0" timestamp="04 Apr 2020 00:07:41 GMT" time="28.514" errors="0">
  <testcase name="loanCal" time="28.514" classname="loans.CalLoantTest"/>
</testsuite> <!-- loans.CalLoantTest -->
